#! c:/iverilog-x64/bin/vvp
:ivl_version "10.1 (stable)" "(v10_1_1)";
:ivl_delay_selection "TYPICAL";
:vpi_time_precision - 12;
:vpi_module "system";
:vpi_module "vhdl_sys";
:vpi_module "v2005_math";
:vpi_module "va_math";
S_0000000001129c80 .scope module, "opcodedec_tb" "opcodedec_tb" 2 7;
 .timescale -9 -12;
L_00000000011802e0 .functor BUFT 1, C4<1>, C4<0>, C4<0>, C4<0>;
v000000000117dbb0_0 .net "dec_en", 0 0, L_00000000011802e0;  1 drivers
v000000000117e470_0 .var/i "i", 31 0;
v000000000117de30_0 .var "opcode_in", 7 0;
v000000000117d250_0 .net "opcode_out", 26 0, L_00000000011c9ae0;  1 drivers
S_0000000001129e00 .scope module, "uut" "opcodedec" 2 15, 3 17 0, S_0000000001129c80;
 .timescale 0 0;
    .port_info 0 /INPUT 8 "opcode_in"
    .port_info 1 /INPUT 1 "dec_en"
    .port_info 2 /OUTPUT 27 "opcode_out"
v000000000117ea10_0 .net *"_s10", 1 0, L_000000000117e330;  1 drivers
v000000000117d890_0 .net *"_s12", 9 0, L_000000000117e5b0;  1 drivers
v000000000117edd0_0 .net *"_s14", 0 0, L_000000000117eab0;  1 drivers
v000000000117efb0_0 .net *"_s3", 1 0, L_000000000117e150;  1 drivers
v000000000117ed30_0 .net *"_s7", 1 0, L_000000000117e1f0;  1 drivers
v000000000117eb50_0 .net "dec_en", 0 0, L_00000000011802e0;  alias, 1 drivers
v000000000117d570_0 .net "opcode_in", 7 0, v000000000117de30_0;  1 drivers
v000000000117e650_0 .net "opcode_out", 26 0, L_00000000011c9ae0;  alias, 1 drivers
v000000000117ebf0_0 .net "y1", 0 0, L_000000000117ef10;  1 drivers
v000000000117e0b0_0 .net "y12", 0 0, L_000000000117ee70;  1 drivers
v000000000117e3d0_0 .net "y15", 0 0, L_000000000117e290;  1 drivers
L_000000000117e150 .part v000000000117de30_0, 2, 2;
L_000000000117e1f0 .part v000000000117de30_0, 0, 2;
L_000000000117e510 .part v000000000117de30_0, 4, 4;
L_000000000117e290 .part L_0000000001121be0, 15, 1;
L_000000000117e330 .part L_0000000001121be0, 13, 2;
L_000000000117ee70 .part L_0000000001121be0, 12, 1;
L_000000000117e5b0 .part L_0000000001121be0, 2, 10;
L_000000000117ef10 .part L_0000000001121be0, 1, 1;
L_000000000117eab0 .part L_0000000001121be0, 0, 1;
L_000000000117d110 .part v000000000117de30_0, 0, 2;
L_00000000011c86e0 .part v000000000117de30_0, 0, 1;
L_00000000011c9f40 .part v000000000117de30_0, 0, 2;
LS_00000000011c9ae0_0_0 .concat8 [ 1 4 10 2], L_000000000117eab0, L_000000000117d750, L_000000000117e5b0, L_000000000117d2f0;
LS_00000000011c9ae0_0_4 .concat8 [ 2 4 2 2], L_000000000117e330, L_00000000011c9e00, L_000000000117e1f0, L_000000000117e150;
L_00000000011c9ae0 .concat8 [ 17 10 0 0], LS_00000000011c9ae0_0_0, LS_00000000011c9ae0_0_4;
S_0000000001118e90 .scope module, "decoder1" "dec_4to16" 3 28, 3 56 0, S_0000000001129e00;
 .timescale 0 0;
    .port_info 0 /INPUT 4 "dec_in"
    .port_info 1 /INPUT 1 "dec_en"
    .port_info 2 /OUTPUT 16 "dec_out"
L_0000000001121be0 .functor BUFT 16, L_000000000117d610, C4<0000000000000000>, C4<0000000000000000>, C4<0000000000000000>;
L_00000000011800e8 .functor BUFT 1, C4<0000000000000001>, C4<0>, C4<0>, C4<0>;
v0000000001125dc0_0 .net/2u *"_s0", 15 0, L_00000000011800e8;  1 drivers
v0000000001125320_0 .net *"_s2", 15 0, L_000000000117d610;  1 drivers
v00000000011256e0_0 .net "dec_en", 0 0, L_00000000011802e0;  alias, 1 drivers
v000000000117d930_0 .net "dec_in", 3 0, L_000000000117e510;  1 drivers
v000000000117d4d0_0 .net "dec_out", 15 0, L_0000000001121be0;  1 drivers
L_000000000117d610 .shift/l 16, L_00000000011800e8, L_000000000117e510;
S_0000000001119010 .scope module, "decoder2" "dec_2to4" 3 33, 3 69 0, S_0000000001129e00;
 .timescale 0 0;
    .port_info 0 /INPUT 2 "dec_in"
    .port_info 1 /INPUT 1 "dec_en"
    .port_info 2 /OUTPUT 4 "dec_out"
L_0000000001180130 .functor BUFT 1, C4<0001>, C4<0>, C4<0>, C4<0>;
v000000000117ded0_0 .net/2u *"_s0", 3 0, L_0000000001180130;  1 drivers
v000000000117df70_0 .net *"_s2", 3 0, L_000000000117d6b0;  1 drivers
L_0000000001180178 .functor BUFT 1, C4<0000>, C4<0>, C4<0>, C4<0>;
v000000000117e6f0_0 .net/2u *"_s4", 3 0, L_0000000001180178;  1 drivers
v000000000117ec90_0 .net "dec_en", 0 0, L_000000000117ef10;  alias, 1 drivers
v000000000117d7f0_0 .net "dec_in", 1 0, L_000000000117d110;  1 drivers
v000000000117d1b0_0 .net "dec_out", 3 0, L_000000000117d750;  1 drivers
L_000000000117d6b0 .shift/l 4, L_0000000001180130, L_000000000117d110;
L_000000000117d750 .functor MUXZ 4, L_0000000001180178, L_000000000117d6b0, L_000000000117ef10, C4<>;
S_000000000120eb00 .scope module, "decoder3" "dec_1to2" 3 38, 3 82 0, S_0000000001129e00;
 .timescale 0 0;
    .port_info 0 /INPUT 1 "dec_in"
    .port_info 1 /INPUT 1 "dec_en"
    .port_info 2 /OUTPUT 2 "dec_out"
L_00000000011801c0 .functor BUFT 1, C4<01>, C4<0>, C4<0>, C4<0>;
v000000000117e790_0 .net/2u *"_s0", 1 0, L_00000000011801c0;  1 drivers
v000000000117da70_0 .net *"_s2", 1 0, L_000000000117d390;  1 drivers
L_0000000001180208 .functor BUFT 1, C4<00>, C4<0>, C4<0>, C4<0>;
v000000000117e830_0 .net/2u *"_s4", 1 0, L_0000000001180208;  1 drivers
v000000000117e8d0_0 .net "dec_en", 0 0, L_000000000117ee70;  alias, 1 drivers
v000000000117dc50_0 .net "dec_in", 0 0, L_00000000011c86e0;  1 drivers
v000000000117db10_0 .net "dec_out", 1 0, L_000000000117d2f0;  1 drivers
L_000000000117d390 .shift/l 2, L_00000000011801c0, L_00000000011c86e0;
L_000000000117d2f0 .functor MUXZ 2, L_0000000001180208, L_000000000117d390, L_000000000117ee70, C4<>;
S_000000000120ec80 .scope module, "decoder4" "dec_2to4" 3 43, 3 69 0, S_0000000001129e00;
 .timescale 0 0;
    .port_info 0 /INPUT 2 "dec_in"
    .port_info 1 /INPUT 1 "dec_en"
    .port_info 2 /OUTPUT 4 "dec_out"
L_0000000001180250 .functor BUFT 1, C4<0001>, C4<0>, C4<0>, C4<0>;
v000000000117d430_0 .net/2u *"_s0", 3 0, L_0000000001180250;  1 drivers
v000000000117dcf0_0 .net *"_s2", 3 0, L_00000000011c8460;  1 drivers
L_0000000001180298 .functor BUFT 1, C4<0000>, C4<0>, C4<0>, C4<0>;
v000000000117dd90_0 .net/2u *"_s4", 3 0, L_0000000001180298;  1 drivers
v000000000117d9d0_0 .net "dec_en", 0 0, L_000000000117e290;  alias, 1 drivers
v000000000117e010_0 .net "dec_in", 1 0, L_00000000011c9f40;  1 drivers
v000000000117e970_0 .net "dec_out", 3 0, L_00000000011c9e00;  1 drivers
L_00000000011c8460 .shift/l 4, L_0000000001180250, L_00000000011c9f40;
L_00000000011c9e00 .functor MUXZ 4, L_0000000001180298, L_00000000011c8460, L_000000000117e290, C4<>;
    .scope S_0000000001129c80;
T_0 ;
    %pushi/vec4 0, 0, 32;
    %store/vec4 v000000000117e470_0, 0, 32;
T_0.0 ;
    %load/vec4 v000000000117e470_0;
    %cmpi/s 256, 0, 32;
    %jmp/0xz T_0.1, 5;
    %load/vec4 v000000000117e470_0;
    %pad/s 8;
    %store/vec4 v000000000117de30_0, 0, 8;
    %delay 10000, 0;
    %load/vec4 v000000000117e470_0;
    %pushi/vec4 1, 0, 32;
    %add;
    %store/vec4 v000000000117e470_0, 0, 32;
    %jmp T_0.0;
T_0.1 ;
    %vpi_call 2 28 "$finish" {0 0 0};
    %end;
    .thread T_0;
    .scope S_0000000001129c80;
T_1 ;
    %vpi_call 2 34 "$dumpfile", "dump.vcd" {0 0 0};
    %vpi_call 2 35 "$dumpvars", 32'sb00000000000000000000000000000000, S_0000000001129c80 {0 0 0};
    %end;
    .thread T_1;
# The file index is used to find the file name in the following table.
:file_names 4;
    "N/A";
    "<interactive>";
    ".\opcodedec_tb.v";
    ".\opcodedec.v";
