#! c:/iverilog-x64/bin/vvp
:ivl_version "10.1 (stable)" "(v10_1_1)";
:ivl_delay_selection "TYPICAL";
:vpi_time_precision - 12;
:vpi_module "system";
:vpi_module "vhdl_sys";
:vpi_module "v2005_math";
:vpi_module "va_math";
S_00000000010de880 .scope module, "controllogic_tb" "controllogic_tb" 2 7;
 .timescale -9 -12;
v0000000001142660_0 .net "ctrl_out", 1 18, v00000000010deb80_0;  1 drivers
v0000000001142700_0 .var "flag_in", 3 0;
v00000000011427a0_0 .var/i "i", 31 0;
v0000000001142840_0 .var/i "j", 31 0;
v00000000011428e0_0 .var/i "k", 31 0;
v0000000001142980_0 .var "op_in", 26 0;
S_00000000010dea00 .scope module, "uut" "controllogic" 2 15, 3 12 0, S_00000000010de880;
 .timescale 0 0;
    .port_info 0 /INPUT 27 "op_in"
    .port_info 1 /INPUT 4 "flag_in"
    .port_info 2 /OUTPUT 18 "ctrl_out"
v00000000010deb80_0 .var "ctrl_out", 1 18;
v0000000001142520_0 .net "flag_in", 3 0, v0000000001142700_0;  1 drivers
v00000000011425c0_0 .net "op_in", 26 0, v0000000001142980_0;  1 drivers
E_00000000010ee560 .event edge, v0000000001142520_0, v00000000011425c0_0;
    .scope S_00000000010dea00;
T_0 ;
    %wait E_00000000010ee560;
    %pushi/vec4 0, 0, 18;
    %store/vec4 v00000000010deb80_0, 0, 18;
    %load/vec4 v00000000011425c0_0;
    %parti/s 2, 1, 2;
    %or/r;
    %flag_set/vec4 8;
    %jmp/0xz  T_0.0, 8;
    %pushi/vec4 0, 0, 1;
    %ix/load 4, 17, 0;
    %flag_set/imm 4, 0;
    %store/vec4 v00000000010deb80_0, 4, 1;
T_0.0 ;
    %load/vec4 v00000000011425c0_0;
    %parti/s 1, 22, 6;
    %flag_set/vec4 8;
    %jmp/0xz  T_0.2, 8;
    %load/vec4 v0000000001142520_0;
    %parti/s 1, 0, 2;
    %load/vec4 v0000000001142520_0;
    %parti/s 1, 1, 2;
    %xnor;
    %ix/load 4, 16, 0;
    %flag_set/imm 4, 0;
    %store/vec4 v00000000010deb80_0, 4, 1;
    %jmp T_0.3;
T_0.2 ;
    %load/vec4 v00000000011425c0_0;
    %parti/s 1, 21, 6;
    %flag_set/vec4 8;
    %jmp/0xz  T_0.4, 8;
    %load/vec4 v0000000001142520_0;
    %parti/s 1, 2, 3;
    %inv;
    %load/vec4 v0000000001142520_0;
    %parti/s 1, 0, 2;
    %load/vec4 v0000000001142520_0;
    %parti/s 1, 1, 2;
    %xnor;
    %and;
    %ix/load 4, 16, 0;
    %flag_set/imm 4, 0;
    %store/vec4 v00000000010deb80_0, 4, 1;
    %jmp T_0.5;
T_0.4 ;
    %load/vec4 v00000000011425c0_0;
    %parti/s 1, 20, 6;
    %flag_set/vec4 8;
    %jmp/0xz  T_0.6, 8;
    %load/vec4 v0000000001142520_0;
    %parti/s 1, 2, 3;
    %inv;
    %ix/load 4, 16, 0;
    %flag_set/imm 4, 0;
    %store/vec4 v00000000010deb80_0, 4, 1;
    %jmp T_0.7;
T_0.6 ;
    %load/vec4 v00000000011425c0_0;
    %parti/s 1, 19, 6;
    %flag_set/vec4 8;
    %jmp/0xz  T_0.8, 8;
    %load/vec4 v0000000001142520_0;
    %parti/s 1, 2, 3;
    %ix/load 4, 16, 0;
    %flag_set/imm 4, 0;
    %store/vec4 v00000000010deb80_0, 4, 1;
    %jmp T_0.9;
T_0.8 ;
    %load/vec4 v00000000011425c0_0;
    %parti/s 1, 18, 6;
    %flag_set/vec4 8;
    %jmp/0xz  T_0.10, 8;
    %pushi/vec4 1, 0, 1;
    %ix/load 4, 16, 0;
    %flag_set/imm 4, 0;
    %store/vec4 v00000000010deb80_0, 4, 1;
T_0.10 ;
T_0.9 ;
T_0.7 ;
T_0.5 ;
T_0.3 ;
    %pushi/vec4 1, 0, 1;
    %ix/load 4, 15, 0;
    %flag_set/imm 4, 0;
    %store/vec4 v00000000010deb80_0, 4, 1;
    %load/vec4 v00000000011425c0_0;
    %parti/s 3, 15, 5;
    %load/vec4 v00000000011425c0_0;
    %parti/s 4, 7, 4;
    %concat/vec4; draw_concat_vec4
    %load/vec4 v00000000011425c0_0;
    %parti/s 1, 4, 4;
    %concat/vec4; draw_concat_vec4
    %load/vec4 v00000000011425c0_0;
    %parti/s 1, 2, 3;
    %concat/vec4; draw_concat_vec4
    %or/r;
    %flag_set/vec4 8;
    %jmp/0xz  T_0.12, 8;
    %load/vec4 v00000000011425c0_0;
    %parti/s 2, 25, 6;
    %ix/load 4, 13, 0;
    %flag_set/imm 4, 0;
    %store/vec4 v00000000010deb80_0, 4, 2;
    %jmp T_0.13;
T_0.12 ;
    %load/vec4 v00000000011425c0_0;
    %parti/s 1, 12, 5;
    %load/vec4 v00000000011425c0_0;
    %parti/s 1, 5, 4;
    %or;
    %flag_set/vec4 8;
    %jmp/0xz  T_0.14, 8;
    %load/vec4 v00000000011425c0_0;
    %parti/s 2, 23, 6;
    %ix/load 4, 13, 0;
    %flag_set/imm 4, 0;
    %store/vec4 v00000000010deb80_0, 4, 2;
T_0.14 ;
T_0.13 ;
    %load/vec4 v00000000011425c0_0;
    %parti/s 2, 13, 5;
    %or/r;
    %flag_set/vec4 8;
    %jmp/0xz  T_0.16, 8;
    %load/vec4 v00000000011425c0_0;
    %parti/s 2, 25, 6;
    %ix/load 4, 11, 0;
    %flag_set/imm 4, 0;
    %store/vec4 v00000000010deb80_0, 4, 2;
    %jmp T_0.17;
T_0.16 ;
    %load/vec4 v00000000011425c0_0;
    %parti/s 1, 17, 6;
    %load/vec4 v00000000011425c0_0;
    %parti/s 1, 9, 5;
    %concat/vec4; draw_concat_vec4
    %load/vec4 v00000000011425c0_0;
    %parti/s 1, 7, 4;
    %concat/vec4; draw_concat_vec4
    %or/r;
    %flag_set/vec4 8;
    %jmp/0xz  T_0.18, 8;
    %load/vec4 v00000000011425c0_0;
    %parti/s 2, 23, 6;
    %ix/load 4, 11, 0;
    %flag_set/imm 4, 0;
    %store/vec4 v00000000010deb80_0, 4, 2;
T_0.18 ;
T_0.17 ;
    %load/vec4 v00000000011425c0_0;
    %parti/s 2, 15, 5;
    %load/vec4 v00000000011425c0_0;
    %parti/s 8, 5, 4;
    %concat/vec4; draw_concat_vec4
    %or/r;
    %flag_set/vec4 8;
    %jmp/0xz  T_0.20, 8;
    %load/vec4 v00000000011425c0_0;
    %parti/s 2, 25, 6;
    %ix/load 4, 9, 0;
    %flag_set/imm 4, 0;
    %store/vec4 v00000000010deb80_0, 4, 2;
T_0.20 ;
    %load/vec4 v00000000011425c0_0;
    %parti/s 2, 15, 5;
    %load/vec4 v00000000011425c0_0;
    %parti/s 8, 5, 4;
    %concat/vec4; draw_concat_vec4
    %or/r;
    %flag_set/vec4 8;
    %jmp/0xz  T_0.22, 8;
    %pushi/vec4 1, 0, 1;
    %ix/load 4, 8, 0;
    %flag_set/imm 4, 0;
    %store/vec4 v00000000010deb80_0, 4, 1;
T_0.22 ;
    %load/vec4 v00000000011425c0_0;
    %parti/s 1, 14, 5;
    %load/vec4 v00000000011425c0_0;
    %parti/s 1, 12, 5;
    %concat/vec4; draw_concat_vec4
    %load/vec4 v00000000011425c0_0;
    %parti/s 1, 10, 5;
    %concat/vec4; draw_concat_vec4
    %load/vec4 v00000000011425c0_0;
    %parti/s 1, 8, 5;
    %concat/vec4; draw_concat_vec4
    %load/vec4 v00000000011425c0_0;
    %parti/s 2, 4, 4;
    %concat/vec4; draw_concat_vec4
    %load/vec4 v00000000011425c0_0;
    %parti/s 1, 2, 3;
    %concat/vec4; draw_concat_vec4
    %or/r;
    %flag_set/vec4 8;
    %jmp/0xz  T_0.24, 8;
    %pushi/vec4 1, 0, 1;
    %ix/load 4, 7, 0;
    %flag_set/imm 4, 0;
    %store/vec4 v00000000010deb80_0, 4, 1;
T_0.24 ;
    %load/vec4 v00000000011425c0_0;
    %parti/s 1, 17, 6;
    %load/vec4 v00000000011425c0_0;
    %parti/s 1, 14, 5;
    %concat/vec4; draw_concat_vec4
    %load/vec4 v00000000011425c0_0;
    %parti/s 1, 12, 5;
    %concat/vec4; draw_concat_vec4
    %load/vec4 v00000000011425c0_0;
    %parti/s 4, 7, 4;
    %concat/vec4; draw_concat_vec4
    %load/vec4 v00000000011425c0_0;
    %parti/s 2, 4, 4;
    %concat/vec4; draw_concat_vec4
    %load/vec4 v00000000011425c0_0;
    %parti/s 1, 2, 3;
    %concat/vec4; draw_concat_vec4
    %or/r;
    %flag_set/vec4 8;
    %jmp/0xz  T_0.26, 8;
    %pushi/vec4 1, 0, 1;
    %ix/load 4, 6, 0;
    %flag_set/imm 4, 0;
    %store/vec4 v00000000010deb80_0, 4, 1;
T_0.26 ;
    %load/vec4 v00000000011425c0_0;
    %parti/s 2, 16, 6;
    %load/vec4 v00000000011425c0_0;
    %parti/s 2, 9, 5;
    %concat/vec4; draw_concat_vec4
    %or/r;
    %flag_set/vec4 8;
    %jmp/0xz  T_0.28, 8;
    %pushi/vec4 1, 0, 1;
    %ix/load 4, 5, 0;
    %flag_set/imm 4, 0;
    %store/vec4 v00000000010deb80_0, 4, 1;
T_0.28 ;
    %load/vec4 v00000000011425c0_0;
    %parti/s 3, 15, 5;
    %load/vec4 v00000000011425c0_0;
    %parti/s 4, 7, 4;
    %concat/vec4; draw_concat_vec4
    %or/r;
    %flag_set/vec4 8;
    %jmp/0xz  T_0.30, 8;
    %pushi/vec4 1, 0, 1;
    %ix/load 4, 4, 0;
    %flag_set/imm 4, 0;
    %store/vec4 v00000000010deb80_0, 4, 1;
T_0.30 ;
    %load/vec4 v00000000011425c0_0;
    %parti/s 1, 13, 5;
    %load/vec4 v00000000011425c0_0;
    %parti/s 1, 11, 5;
    %concat/vec4; draw_concat_vec4
    %load/vec4 v00000000011425c0_0;
    %parti/s 1, 6, 4;
    %concat/vec4; draw_concat_vec4
    %load/vec4 v00000000011425c0_0;
    %parti/s 1, 3, 3;
    %concat/vec4; draw_concat_vec4
    %load/vec4 v00000000011425c0_0;
    %parti/s 1, 1, 2;
    %concat/vec4; draw_concat_vec4
    %or/r;
    %flag_set/vec4 8;
    %jmp/0xz  T_0.32, 8;
    %pushi/vec4 1, 0, 1;
    %ix/load 4, 3, 0;
    %flag_set/imm 4, 0;
    %store/vec4 v00000000010deb80_0, 4, 1;
T_0.32 ;
    %load/vec4 v00000000011425c0_0;
    %parti/s 2, 3, 3;
    %or/r;
    %flag_set/vec4 8;
    %jmp/0xz  T_0.34, 8;
    %pushi/vec4 1, 0, 1;
    %ix/load 4, 2, 0;
    %flag_set/imm 4, 0;
    %store/vec4 v00000000010deb80_0, 4, 1;
T_0.34 ;
    %load/vec4 v00000000011425c0_0;
    %parti/s 2, 13, 5;
    %load/vec4 v00000000011425c0_0;
    %parti/s 2, 3, 3;
    %concat/vec4; draw_concat_vec4
    %or/r;
    %flag_set/vec4 8;
    %jmp/0xz  T_0.36, 8;
    %pushi/vec4 1, 0, 1;
    %ix/load 4, 1, 0;
    %flag_set/imm 4, 0;
    %store/vec4 v00000000010deb80_0, 4, 1;
T_0.36 ;
    %load/vec4 v00000000011425c0_0;
    %parti/s 2, 11, 5;
    %or/r;
    %flag_set/vec4 8;
    %jmp/0xz  T_0.38, 8;
    %pushi/vec4 1, 0, 1;
    %ix/load 4, 0, 0;
    %flag_set/imm 4, 0;
    %store/vec4 v00000000010deb80_0, 4, 1;
T_0.38 ;
    %jmp T_0;
    .thread T_0, $push;
    .scope S_00000000010de880;
T_1 ;
    %pushi/vec4 0, 0, 32;
    %store/vec4 v00000000011427a0_0, 0, 32;
T_1.0 ;
    %load/vec4 v00000000011427a0_0;
    %cmpi/s 23, 0, 32;
    %jmp/0xz T_1.1, 5;
    %pushi/vec4 0, 0, 23;
    %ix/load 4, 0, 0;
    %flag_set/imm 4, 0;
    %store/vec4 v0000000001142980_0, 4, 23;
    %pushi/vec4 1, 0, 1;
    %ix/getv/s 4, v00000000011427a0_0;
    %store/vec4 v0000000001142980_0, 4, 1;
    %pushi/vec4 0, 0, 32;
    %store/vec4 v0000000001142840_0, 0, 32;
T_1.2 ;
    %load/vec4 v0000000001142840_0;
    %cmpi/s 16, 0, 32;
    %jmp/0xz T_1.3, 5;
    %load/vec4 v0000000001142840_0;
    %pad/s 4;
    %ix/load 4, 23, 0;
    %flag_set/imm 4, 0;
    %store/vec4 v0000000001142980_0, 4, 4;
    %pushi/vec4 0, 0, 32;
    %store/vec4 v00000000011428e0_0, 0, 32;
T_1.4 ;
    %load/vec4 v00000000011428e0_0;
    %cmpi/s 16, 0, 32;
    %jmp/0xz T_1.5, 5;
    %load/vec4 v00000000011428e0_0;
    %pad/s 4;
    %store/vec4 v0000000001142700_0, 0, 4;
    %delay 10000, 0;
    %load/vec4 v00000000011428e0_0;
    %pushi/vec4 1, 0, 32;
    %add;
    %store/vec4 v00000000011428e0_0, 0, 32;
    %jmp T_1.4;
T_1.5 ;
    %load/vec4 v0000000001142840_0;
    %pushi/vec4 1, 0, 32;
    %add;
    %store/vec4 v0000000001142840_0, 0, 32;
    %jmp T_1.2;
T_1.3 ;
    %load/vec4 v00000000011427a0_0;
    %pushi/vec4 1, 0, 32;
    %add;
    %store/vec4 v00000000011427a0_0, 0, 32;
    %jmp T_1.0;
T_1.1 ;
    %vpi_call 2 32 "$finish" {0 0 0};
    %end;
    .thread T_1;
    .scope S_00000000010de880;
T_2 ;
    %vpi_call 2 37 "$dumpfile", "dump.vcd" {0 0 0};
    %vpi_call 2 38 "$dumpvars", 32'sb00000000000000000000000000000000, S_00000000010de880 {0 0 0};
    %end;
    .thread T_2;
# The file index is used to find the file name in the following table.
:file_names 4;
    "N/A";
    "<interactive>";
    "controllogic_tb.v";
    "controllogic.v";
