#! c:/iverilog-x64/bin/vvp
:ivl_version "10.1 (stable)" "(v10_1_1)";
:ivl_delay_selection "TYPICAL";
:vpi_time_precision - 12;
:vpi_module "system";
:vpi_module "vhdl_sys";
:vpi_module "v2005_math";
:vpi_module "va_math";
S_0000000001479c40 .scope module, "alu_tb" "alu_tb" 2 7;
 .timescale -9 -12;
v00000000014dc730_0 .net "alu_flags", 3 0, v0000000001479f40_0;  1 drivers
v00000000014dc7d0_0 .var "alu_in_one", 7 0;
v00000000014dc870_0 .var "alu_in_two", 7 0;
v00000000014dc910_0 .net "alu_result", 7 0, v00000000014dc4b0_0;  1 drivers
v00000000014dc9b0_0 .var "c12", 0 0;
v00000000014dca50_0 .var "c13", 0 0;
S_0000000001479dc0 .scope module, "dut" "alu" 2 15, 3 11 0, S_0000000001479c40;
 .timescale 0 0;
    .port_info 0 /INPUT 1 "c12"
    .port_info 1 /INPUT 1 "c13"
    .port_info 2 /INPUT 8 "alu_in_one"
    .port_info 3 /INPUT 8 "alu_in_two"
    .port_info 4 /OUTPUT 4 "alu_flags"
    .port_info 5 /OUTPUT 8 "alu_result"
v0000000001479f40_0 .var "alu_flags", 3 0;
v00000000014dc370_0 .net "alu_in_one", 7 0, v00000000014dc7d0_0;  1 drivers
v00000000014dc410_0 .net "alu_in_two", 7 0, v00000000014dc870_0;  1 drivers
v00000000014dc4b0_0 .var "alu_result", 7 0;
v00000000014dc550_0 .net "c12", 0 0, v00000000014dc9b0_0;  1 drivers
v00000000014dc5f0_0 .net "c13", 0 0, v00000000014dca50_0;  1 drivers
v00000000014dc690_0 .var "catch_flags", 8 0;
E_0000000001484f40/0 .event edge, v00000000014dc5f0_0, v00000000014dc550_0, v00000000014dc370_0, v00000000014dc4b0_0;
E_0000000001484f40/1 .event edge, v00000000014dc410_0, v00000000014dc690_0;
E_0000000001484f40 .event/or E_0000000001484f40/0, E_0000000001484f40/1;
    .scope S_0000000001479dc0;
T_0 ;
    %wait E_0000000001484f40;
    %pushi/vec4 0, 0, 8;
    %store/vec4 v00000000014dc4b0_0, 0, 8;
    %pushi/vec4 0, 0, 4;
    %store/vec4 v0000000001479f40_0, 0, 4;
    %pushi/vec4 0, 0, 9;
    %store/vec4 v00000000014dc690_0, 0, 9;
    %load/vec4 v00000000014dc5f0_0;
    %load/vec4 v00000000014dc550_0;
    %concat/vec4; draw_concat_vec4
    %dup/vec4;
    %pushi/vec4 0, 0, 2;
    %cmp/u;
    %jmp/1 T_0.0, 6;
    %dup/vec4;
    %pushi/vec4 1, 0, 2;
    %cmp/u;
    %jmp/1 T_0.1, 6;
    %dup/vec4;
    %pushi/vec4 2, 0, 2;
    %cmp/u;
    %jmp/1 T_0.2, 6;
    %dup/vec4;
    %pushi/vec4 3, 0, 2;
    %cmp/u;
    %jmp/1 T_0.3, 6;
    %jmp T_0.4;
T_0.0 ;
    %load/vec4 v00000000014dc370_0;
    %ix/load 4, 1, 0;
    %flag_set/imm 4, 0;
    %shiftl 4;
    %store/vec4 v00000000014dc4b0_0, 0, 8;
    %load/vec4 v00000000014dc370_0;
    %parti/s 1, 7, 4;
    %ix/load 4, 3, 0;
    %flag_set/imm 4, 0;
    %store/vec4 v0000000001479f40_0, 4, 1;
    %load/vec4 v00000000014dc4b0_0;
    %pad/u 32;
    %pushi/vec4 0, 0, 32;
    %cmp/e;
    %flag_get/vec4 4;
    %ix/load 4, 2, 0;
    %flag_set/imm 4, 0;
    %store/vec4 v0000000001479f40_0, 4, 1;
    %load/vec4 v00000000014dc4b0_0;
    %parti/s 1, 7, 4;
    %ix/load 4, 1, 0;
    %flag_set/imm 4, 0;
    %store/vec4 v0000000001479f40_0, 4, 1;
    %pushi/vec4 0, 0, 1;
    %ix/load 4, 0, 0;
    %flag_set/imm 4, 0;
    %store/vec4 v0000000001479f40_0, 4, 1;
    %jmp T_0.4;
T_0.1 ;
    %pushi/vec4 0, 0, 1;
    %load/vec4 v00000000014dc370_0;
    %concat/vec4; draw_concat_vec4
    %pushi/vec4 0, 0, 1;
    %load/vec4 v00000000014dc410_0;
    %concat/vec4; draw_concat_vec4
    %add;
    %store/vec4 v00000000014dc690_0, 0, 9;
    %load/vec4 v00000000014dc690_0;
    %parti/s 8, 0, 2;
    %store/vec4 v00000000014dc4b0_0, 0, 8;
    %load/vec4 v00000000014dc690_0;
    %parti/s 1, 8, 5;
    %ix/load 4, 3, 0;
    %flag_set/imm 4, 0;
    %store/vec4 v0000000001479f40_0, 4, 1;
    %load/vec4 v00000000014dc4b0_0;
    %pad/u 32;
    %pushi/vec4 0, 0, 32;
    %cmp/e;
    %flag_get/vec4 4;
    %ix/load 4, 2, 0;
    %flag_set/imm 4, 0;
    %store/vec4 v0000000001479f40_0, 4, 1;
    %load/vec4 v00000000014dc4b0_0;
    %parti/s 1, 7, 4;
    %ix/load 4, 1, 0;
    %flag_set/imm 4, 0;
    %store/vec4 v0000000001479f40_0, 4, 1;
    %load/vec4 v00000000014dc370_0;
    %parti/s 1, 7, 4;
    %load/vec4 v00000000014dc410_0;
    %parti/s 1, 7, 4;
    %xor;
    %inv;
    %load/vec4 v00000000014dc4b0_0;
    %parti/s 1, 7, 4;
    %load/vec4 v00000000014dc370_0;
    %parti/s 1, 7, 4;
    %xor;
    %and;
    %ix/load 4, 0, 0;
    %flag_set/imm 4, 0;
    %store/vec4 v0000000001479f40_0, 4, 1;
    %jmp T_0.4;
T_0.2 ;
    %load/vec4 v00000000014dc370_0;
    %ix/load 4, 1, 0;
    %flag_set/imm 4, 0;
    %shiftr 4;
    %store/vec4 v00000000014dc4b0_0, 0, 8;
    %load/vec4 v00000000014dc370_0;
    %parti/s 1, 0, 2;
    %ix/load 4, 3, 0;
    %flag_set/imm 4, 0;
    %store/vec4 v0000000001479f40_0, 4, 1;
    %load/vec4 v00000000014dc4b0_0;
    %pad/u 32;
    %pushi/vec4 0, 0, 32;
    %cmp/e;
    %flag_get/vec4 4;
    %ix/load 4, 2, 0;
    %flag_set/imm 4, 0;
    %store/vec4 v0000000001479f40_0, 4, 1;
    %load/vec4 v00000000014dc4b0_0;
    %parti/s 1, 7, 4;
    %ix/load 4, 1, 0;
    %flag_set/imm 4, 0;
    %store/vec4 v0000000001479f40_0, 4, 1;
    %pushi/vec4 0, 0, 1;
    %ix/load 4, 0, 0;
    %flag_set/imm 4, 0;
    %store/vec4 v0000000001479f40_0, 4, 1;
    %jmp T_0.4;
T_0.3 ;
    %pushi/vec4 0, 0, 1;
    %load/vec4 v00000000014dc370_0;
    %concat/vec4; draw_concat_vec4
    %pushi/vec4 0, 0, 1;
    %load/vec4 v00000000014dc410_0;
    %concat/vec4; draw_concat_vec4
    %sub;
    %store/vec4 v00000000014dc690_0, 0, 9;
    %load/vec4 v00000000014dc690_0;
    %parti/s 8, 0, 2;
    %store/vec4 v00000000014dc4b0_0, 0, 8;
    %load/vec4 v00000000014dc690_0;
    %parti/s 1, 8, 5;
    %ix/load 4, 3, 0;
    %flag_set/imm 4, 0;
    %store/vec4 v0000000001479f40_0, 4, 1;
    %load/vec4 v00000000014dc4b0_0;
    %pad/u 32;
    %pushi/vec4 0, 0, 32;
    %cmp/e;
    %flag_get/vec4 4;
    %ix/load 4, 2, 0;
    %flag_set/imm 4, 0;
    %store/vec4 v0000000001479f40_0, 4, 1;
    %load/vec4 v00000000014dc4b0_0;
    %parti/s 1, 7, 4;
    %ix/load 4, 1, 0;
    %flag_set/imm 4, 0;
    %store/vec4 v0000000001479f40_0, 4, 1;
    %load/vec4 v00000000014dc370_0;
    %parti/s 1, 7, 4;
    %load/vec4 v00000000014dc410_0;
    %parti/s 1, 7, 4;
    %xor;
    %load/vec4 v00000000014dc4b0_0;
    %parti/s 1, 7, 4;
    %load/vec4 v00000000014dc370_0;
    %parti/s 1, 7, 4;
    %xor;
    %and;
    %ix/load 4, 0, 0;
    %flag_set/imm 4, 0;
    %store/vec4 v0000000001479f40_0, 4, 1;
    %jmp T_0.4;
T_0.4 ;
    %pop/vec4 1;
    %jmp T_0;
    .thread T_0, $push;
    .scope S_0000000001479c40;
T_1 ;
    %pushi/vec4 0, 0, 1;
    %store/vec4 v00000000014dca50_0, 0, 1;
    %pushi/vec4 0, 0, 1;
    %store/vec4 v00000000014dc9b0_0, 0, 1;
    %pushi/vec4 90, 0, 8;
    %store/vec4 v00000000014dc7d0_0, 0, 8;
    %pushi/vec4 0, 0, 8;
    %store/vec4 v00000000014dc870_0, 0, 8;
    %delay 10000, 0;
    %pushi/vec4 0, 0, 1;
    %store/vec4 v00000000014dca50_0, 0, 1;
    %pushi/vec4 1, 0, 1;
    %store/vec4 v00000000014dc9b0_0, 0, 1;
    %pushi/vec4 120, 0, 8;
    %store/vec4 v00000000014dc7d0_0, 0, 8;
    %pushi/vec4 10, 0, 8;
    %store/vec4 v00000000014dc870_0, 0, 8;
    %delay 10000, 0;
    %pushi/vec4 1, 0, 1;
    %store/vec4 v00000000014dca50_0, 0, 1;
    %pushi/vec4 0, 0, 1;
    %store/vec4 v00000000014dc9b0_0, 0, 1;
    %pushi/vec4 129, 0, 8;
    %store/vec4 v00000000014dc7d0_0, 0, 8;
    %pushi/vec4 0, 0, 8;
    %store/vec4 v00000000014dc870_0, 0, 8;
    %delay 10000, 0;
    %pushi/vec4 1, 0, 1;
    %store/vec4 v00000000014dca50_0, 0, 1;
    %pushi/vec4 1, 0, 1;
    %store/vec4 v00000000014dc9b0_0, 0, 1;
    %pushi/vec4 20, 0, 8;
    %store/vec4 v00000000014dc7d0_0, 0, 8;
    %pushi/vec4 50, 0, 8;
    %store/vec4 v00000000014dc870_0, 0, 8;
    %delay 10000, 0;
    %delay 20000, 0;
    %vpi_call 2 53 "$finish" {0 0 0};
    %end;
    .thread T_1;
    .scope S_0000000001479c40;
T_2 ;
    %vpi_call 2 59 "$dumpfile", "dump.vcd" {0 0 0};
    %vpi_call 2 60 "$dumpvars", 32'sb00000000000000000000000000000000, S_0000000001479c40 {0 0 0};
    %end;
    .thread T_2;
# The file index is used to find the file name in the following table.
:file_names 4;
    "N/A";
    "<interactive>";
    "alu_tb.v";
    "alu.v";
